<?xml version="1.0" encoding="utf-8"?><testsuites name="pytest tests"><testsuite name="pytest" errors="0" failures="0" skipped="0" tests="8" time="20.847" timestamp="2026-06-27T14:26:30.826739+00:00" hostname="agent-env-71cc633e-5410-4cac-9285-36c3c023a8c1"><testcase classname="backend.tests.test_cabinet_data_leak_fix.TestProfile" name="test_profile_returns_logged_in_user_not_leaked" time="2.593" /><testcase classname="backend.tests.test_cabinet_data_leak_fix.TestPayers" name="test_payers_listing_belongs_to_vita" time="0.865" /><testcase classname="backend.tests.test_cabinet_data_leak_fix.TestPayers" name="test_payers_crud_smoke_and_scoping" time="6.054" /><testcase classname="backend.tests.test_cabinet_data_leak_fix.TestMasterAgreement" name="test_master_agreement_idempotent_and_dated" time="2.017" /><testcase classname="backend.tests.test_cabinet_data_leak_fix.TestMasterAgreement" name="test_master_agreement_sign" time="2.595" /><testcase classname="backend.tests.test_cabinet_data_leak_fix.TestDocuments" name="test_documents_belong_to_vita" time="1.009" /><testcase classname="backend.tests.test_cabinet_data_leak_fix.TestNotifications" name="test_unread_returns_count" time="1.009" /><testcase classname="backend.tests.test_cabinet_data_leak_fix.TestConvertGate" name="test_convert_to_order_invalid_or_gate" time="0.722" /></testsuite></testsuites>