<?xml version="1.0" encoding="utf-8"?><testsuites name="pytest tests"><testsuite name="pytest" errors="0" failures="0" skipped="0" tests="9" time="4.558" timestamp="2026-06-27T15:08:15.624755+00:00" hostname="agent-env-71cc633e-5410-4cac-9285-36c3c023a8c1"><testcase classname="backend.tests.test_cors_new_domain" name="test_health_endpoint_ok" time="0.004" /><testcase classname="backend.tests.test_cors_new_domain" name="test_cors_preflight_new_domain[https://farforevent.com.ua]" time="0.002" /><testcase classname="backend.tests.test_cors_new_domain" name="test_cors_preflight_new_domain[https://www.farforevent.com.ua]" time="0.001" /><testcase classname="backend.tests.test_cors_new_domain" name="test_cors_preflight_new_domain[http://farforevent.com.ua]" time="0.001" /><testcase classname="backend.tests.test_cors_new_domain" name="test_cors_preflight_new_domain[http://www.farforevent.com.ua]" time="0.001" /><testcase classname="backend.tests.test_cors_new_domain" name="test_cors_preflight_existing_domain[https://rentalhub.farforrent.com.ua]" time="0.001" /><testcase classname="backend.tests.test_cors_new_domain" name="test_cors_preflight_existing_domain[https://item-photos.preview.emergentagent.com]" time="0.001" /><testcase classname="backend.tests.test_cors_new_domain" name="test_cors_preflight_disallowed_origin" time="0.001" /><testcase classname="backend.tests.test_cors_new_domain" name="test_login_and_cabinet_profile_match" time="4.497" /></testsuite></testsuites>