<?xml version="1.0" encoding="utf-8"?><testsuites name="pytest tests"><testsuite name="pytest" errors="0" failures="4" skipped="0" tests="9" time="4.654" timestamp="2026-06-27T15:05:32.974460+00:00" hostname="agent-env-71cc633e-5410-4cac-9285-36c3c023a8c1"><testcase classname="backend.tests.test_cors_new_domain" name="test_health_endpoint_ok" time="0.005" /><testcase classname="backend.tests.test_cors_new_domain" name="test_cors_preflight_new_domain[https://farforevent.com.ua]" time="0.002"><failure message="AssertionError: Got 400 for origin https://farforevent.com.ua -- body: 'Disallowed CORS origin'&#10;assert 400 == 200&#10; +  where 400 = &lt;Response [400]&gt;.status_code">backend/tests/test_cors_new_domain.py:49: in test_cors_preflight_new_domain
    assert r.status_code == 200, f"Got {r.status_code} for origin {origin} -- body: {r.text!r}"
E   AssertionError: Got 400 for origin https://farforevent.com.ua -- body: 'Disallowed CORS origin'
E   assert 400 == 200
E    +  where 400 = &lt;Response [400]&gt;.status_code</failure></testcase><testcase classname="backend.tests.test_cors_new_domain" name="test_cors_preflight_new_domain[https://www.farforevent.com.ua]" time="0.002"><failure message="AssertionError: Got 400 for origin https://www.farforevent.com.ua -- body: 'Disallowed CORS origin'&#10;assert 400 == 200&#10; +  where 400 = &lt;Response [400]&gt;.status_code">backend/tests/test_cors_new_domain.py:49: in test_cors_preflight_new_domain
    assert r.status_code == 200, f"Got {r.status_code} for origin {origin} -- body: {r.text!r}"
E   AssertionError: Got 400 for origin https://www.farforevent.com.ua -- body: 'Disallowed CORS origin'
E   assert 400 == 200
E    +  where 400 = &lt;Response [400]&gt;.status_code</failure></testcase><testcase classname="backend.tests.test_cors_new_domain" name="test_cors_preflight_new_domain[http://farforevent.com.ua]" time="0.002"><failure message="AssertionError: Got 400 for origin http://farforevent.com.ua -- body: 'Disallowed CORS origin'&#10;assert 400 == 200&#10; +  where 400 = &lt;Response [400]&gt;.status_code">backend/tests/test_cors_new_domain.py:49: in test_cors_preflight_new_domain
    assert r.status_code == 200, f"Got {r.status_code} for origin {origin} -- body: {r.text!r}"
E   AssertionError: Got 400 for origin http://farforevent.com.ua -- body: 'Disallowed CORS origin'
E   assert 400 == 200
E    +  where 400 = &lt;Response [400]&gt;.status_code</failure></testcase><testcase classname="backend.tests.test_cors_new_domain" name="test_cors_preflight_new_domain[http://www.farforevent.com.ua]" time="0.002"><failure message="AssertionError: Got 400 for origin http://www.farforevent.com.ua -- body: 'Disallowed CORS origin'&#10;assert 400 == 200&#10; +  where 400 = &lt;Response [400]&gt;.status_code">backend/tests/test_cors_new_domain.py:49: in test_cors_preflight_new_domain
    assert r.status_code == 200, f"Got {r.status_code} for origin {origin} -- body: {r.text!r}"
E   AssertionError: Got 400 for origin http://www.farforevent.com.ua -- body: 'Disallowed CORS origin'
E   assert 400 == 200
E    +  where 400 = &lt;Response [400]&gt;.status_code</failure></testcase><testcase classname="backend.tests.test_cors_new_domain" name="test_cors_preflight_existing_domain[https://rentalhub.farforrent.com.ua]" time="0.002" /><testcase classname="backend.tests.test_cors_new_domain" name="test_cors_preflight_existing_domain[https://item-photos.preview.emergentagent.com]" time="0.001" /><testcase classname="backend.tests.test_cors_new_domain" name="test_cors_preflight_disallowed_origin" time="0.001" /><testcase classname="backend.tests.test_cors_new_domain" name="test_login_and_cabinet_profile_match" time="4.515" /></testsuite></testsuites>