<?xml version="1.0" encoding="utf-8"?><testsuites name="pytest tests"><testsuite name="pytest" errors="0" failures="0" skipped="0" tests="17" time="22.147" timestamp="2026-06-27T16:16:15.550626+00:00" hostname="agent-env-71cc633e-5410-4cac-9285-36c3c023a8c1"><testcase classname="backend.tests.test_cors_new_domain" name="test_health_endpoint_ok" time="0.003" /><testcase classname="backend.tests.test_cors_new_domain" name="test_cors_preflight_new_domain[https://farforevent.com.ua]" time="0.002" /><testcase classname="backend.tests.test_cors_new_domain" name="test_cors_preflight_new_domain[https://www.farforevent.com.ua]" time="0.001" /><testcase classname="backend.tests.test_cors_new_domain" name="test_cors_preflight_new_domain[http://farforevent.com.ua]" time="0.001" /><testcase classname="backend.tests.test_cors_new_domain" name="test_cors_preflight_new_domain[http://www.farforevent.com.ua]" time="0.001" /><testcase classname="backend.tests.test_cors_new_domain" name="test_cors_preflight_existing_domain[https://rentalhub.farforrent.com.ua]" time="0.001" /><testcase classname="backend.tests.test_cors_new_domain" name="test_cors_preflight_existing_domain[https://item-photos.preview.emergentagent.com]" time="0.001" /><testcase classname="backend.tests.test_cors_new_domain" name="test_cors_preflight_disallowed_origin" time="0.001" /><testcase classname="backend.tests.test_cors_new_domain" name="test_login_and_cabinet_profile_match" time="2.585" /><testcase classname="backend.tests.test_cabinet_data_leak_fix.TestProfile" name="test_profile_returns_logged_in_user_not_leaked" time="2.586" /><testcase classname="backend.tests.test_cabinet_data_leak_fix.TestPayers" name="test_payers_listing_belongs_to_vita" time="0.863" /><testcase classname="backend.tests.test_cabinet_data_leak_fix.TestPayers" name="test_payers_crud_smoke_and_scoping" time="6.036" /><testcase classname="backend.tests.test_cabinet_data_leak_fix.TestMasterAgreement" name="test_master_agreement_idempotent_and_dated" time="1.725" /><testcase classname="backend.tests.test_cabinet_data_leak_fix.TestMasterAgreement" name="test_master_agreement_sign" time="1.871" /><testcase classname="backend.tests.test_cabinet_data_leak_fix.TestDocuments" name="test_documents_belong_to_vita" time="1.007" /><testcase classname="backend.tests.test_cabinet_data_leak_fix.TestNotifications" name="test_unread_returns_count" time="1.006" /><testcase classname="backend.tests.test_cabinet_data_leak_fix.TestConvertGate" name="test_convert_to_order_invalid_or_gate" time="0.720" /></testsuite></testsuites>