<?xml version="1.0" encoding="utf-8"?><testsuites name="pytest tests"><testsuite name="pytest" errors="0" failures="0" skipped="0" tests="13" time="23.029" timestamp="2026-06-27T21:32:29.809547+00:00" hostname="agent-env-71cc633e-5410-4cac-9285-36c3c023a8c1"><testcase classname="backend.tests.test_client_chat_page.TestSmoke" name="test_event_health" time="0.005" /><testcase classname="backend.tests.test_client_chat_page.TestSmoke" name="test_cabinet_profile_data_leak_fix" time="4.484" /><testcase classname="backend.tests.test_client_chat_page.TestClientOrdersList" name="test_returns_200_and_list" time="1.902" /><testcase classname="backend.tests.test_client_chat_page.TestClientOrdersList" name="test_only_caller_orders_no_leak" time="1.901" /><testcase classname="backend.tests.test_client_chat_page.TestClientOrdersList" name="test_requires_auth" time="0.043" /><testcase classname="backend.tests.test_client_chat_page.TestClientChatMessages" name="test_get_messages_returns_list" time="3.658" /><testcase classname="backend.tests.test_client_chat_page.TestClientChatMessages" name="test_send_message_persists_with_sender_type_client" time="3.517" /><testcase classname="backend.tests.test_client_chat_page.TestClientChatMessages" name="test_send_empty_message_rejected" time="1.043" /><testcase classname="backend.tests.test_client_chat_page.TestClientChatMessages" name="test_foreign_order_returns_404" time="1.043" /><testcase classname="backend.tests.test_client_chat_page.TestClientChatMessages" name="test_requires_auth" time="0.044" /><testcase classname="backend.tests.test_client_chat_page.TestClientChatUnread" name="test_unread_count_shape" time="1.185" /><testcase classname="backend.tests.test_client_chat_page.TestClientChatUnread" name="test_get_messages_marks_manager_messages_read" time="2.943" /><testcase classname="backend.tests.test_client_chat_page.TestClientTokenAgainstAdminChatEndpoints" name="test_admin_messages_no_crash" time="1.185" /></testsuite></testsuites>