<?xml version="1.0" encoding="utf-8"?><testsuites name="pytest tests"><testsuite name="pytest" errors="0" failures="1" skipped="0" tests="12" time="19.680" timestamp="2026-06-27T21:08:44.579255+00:00" hostname="agent-env-71cc633e-5410-4cac-9285-36c3c023a8c1"><testcase classname="backend.tests.test_manager_chat_page.TestSmoke" name="test_event_health" time="0.321" /><testcase classname="backend.tests.test_manager_chat_page.TestSmoke" name="test_cabinet_profile_returns_own_email" time="2.805"><failure message="AssertionError: cabinet/profile 500: Internal Server Error&#10;assert 500 != 500&#10; +  where 500 = &lt;Response [500]&gt;.status_code">backend/tests/test_manager_chat_page.py:76: in test_cabinet_profile_returns_own_email
    assert r.status_code != 500, f"cabinet/profile 500: {r.text[:200]}"
E   AssertionError: cabinet/profile 500: Internal Server Error
E   assert 500 != 500
E    +  where 500 = &lt;Response [500]&gt;.status_code</failure></testcase><testcase classname="backend.tests.test_manager_chat_page.TestDecorOrdersSidebar" name="test_list_active_orders_returns_200" time="6.525" /><testcase classname="backend.tests.test_manager_chat_page.TestDecorOrdersSidebar" name="test_list_no_auth_does_not_500" time="0.720" /><testcase classname="backend.tests.test_manager_chat_page.TestAdminChatEndpoints" name="test_get_messages_returns_list" time="1.194" /><testcase classname="backend.tests.test_manager_chat_page.TestAdminChatEndpoints" name="test_unread_count_returns_int" time="0.617" /><testcase classname="backend.tests.test_manager_chat_page.TestAdminChatEndpoints" name="test_send_message_and_persistence" time="2.542" /><testcase classname="backend.tests.test_manager_chat_page.TestAdminChatEndpoints" name="test_get_messages_marks_client_messages_read" time="1.807" /><testcase classname="backend.tests.test_manager_chat_page.TestAdminChatEndpoints" name="test_send_empty_message_rejected" time="0.045" /><testcase classname="backend.tests.test_manager_chat_page.TestAdminChatNoAuthSmoke" name="test_messages_no_auth_does_not_500" time="1.147" /><testcase classname="backend.tests.test_manager_chat_page.TestAdminChatNoAuthSmoke" name="test_unread_count_no_auth_does_not_500" time="0.575" /><testcase classname="backend.tests.test_manager_chat_page.TestAdminChatNoAuthSmoke" name="test_send_no_auth_does_not_500" time="1.291" /></testsuite></testsuites>