<?xml version="1.0" encoding="utf-8"?><testsuites name="pytest tests"><testsuite name="pytest" errors="0" failures="0" skipped="0" tests="46" time="27.980" timestamp="2026-06-27T21:15:11.078929+00:00" hostname="agent-env-71cc633e-5410-4cac-9285-36c3c023a8c1"><testcase classname="tests.test_image_url_double_prefix_fix.TestNormalizeImageUrlUnit" name="test_uploads_relative_unchanged" time="0.000" /><testcase classname="tests.test_image_url_double_prefix_fix.TestNormalizeImageUrlUnit" name="test_uploads_absolute_unchanged" time="0.000" /><testcase classname="tests.test_image_url_double_prefix_fix.TestNormalizeImageUrlUnit" name="test_static_unchanged" time="0.000" /><testcase classname="tests.test_image_url_double_prefix_fix.TestNormalizeImageUrlUnit" name="test_https_full_url_unchanged" time="0.000" /><testcase classname="tests.test_image_url_double_prefix_fix.TestNormalizeImageUrlUnit" name="test_http_full_url_unchanged" time="0.000" /><testcase classname="tests.test_image_url_double_prefix_fix.TestNormalizeImageUrlUnit" name="test_legacy_relative_gets_static_prefix" time="0.000" /><testcase classname="tests.test_image_url_double_prefix_fix.TestNormalizeImageUrlUnit" name="test_legacy_opencart_path" time="0.000" /><testcase classname="tests.test_image_url_double_prefix_fix.TestNormalizeImageUrlUnit" name="test_empty_string_returns_none" time="0.000" /><testcase classname="tests.test_image_url_double_prefix_fix.TestNormalizeImageUrlUnit" name="test_none_returns_none" time="0.000" /><testcase classname="tests.test_image_url_double_prefix_fix.TestSerializeProductImageUnit" name="test_uploads_relative_unchanged" time="0.000" /><testcase classname="tests.test_image_url_double_prefix_fix.TestSerializeProductImageUnit" name="test_none_returns_empty_string" time="0.000" /><testcase classname="tests.test_image_url_double_prefix_fix.TestSerializeProductImageUnit" name="test_empty_returns_empty_string" time="0.000" /><testcase classname="tests.test_image_url_double_prefix_fix.TestSerializeProductImageUnit" name="test_legacy_relative_gets_static_prefix" time="0.000" /><testcase classname="tests.test_image_url_double_prefix_fix.TestSerializeProductImageUnit" name="test_uploads_absolute_unchanged" time="0.000" /><testcase classname="tests.test_image_url_double_prefix_fix.TestSerializeProductImageUnit" name="test_https_full_url_unchanged" time="0.000" /><testcase classname="tests.test_image_url_double_prefix_fix.TestSerializeProductImageUnit" name="test_return_type_always_str" time="0.000" /><testcase classname="tests.test_image_url_double_prefix_fix.TestSerializeOrderItemImageUnit" name="test_fallback_used_when_item_image_none" time="0.000" /><testcase classname="tests.test_image_url_double_prefix_fix.TestSerializeOrderItemImageUnit" name="test_per_item_override_preferred" time="0.000" /><testcase classname="tests.test_image_url_double_prefix_fix.TestSerializeOrderItemImageUnit" name="test_both_none_returns_empty_string" time="0.000" /><testcase classname="tests.test_image_url_double_prefix_fix.TestSerializeOrderItemImageUnit" name="test_both_empty_returns_empty_string" time="0.000" /><testcase classname="tests.test_image_url_double_prefix_fix.TestSerializeOrderItemImageUnit" name="test_empty_item_falls_back_to_product" time="0.000" /><testcase classname="tests.test_image_url_double_prefix_fix.TestSerializeOrderItemImageUnit" name="test_legacy_relative_item_gets_static_prefix" time="0.000" /><testcase classname="tests.test_image_url_double_prefix_fix.TestSerializeOrderItemImageUnit" name="test_return_type_always_str" time="0.000" /><testcase classname="tests.test_image_url_double_prefix_fix.TestSmoke" name="test_health" time="0.004" /><testcase classname="tests.test_image_url_double_prefix_fix.TestSmoke" name="test_cors_preflight_farforevent" time="0.042" /><testcase classname="tests.test_image_url_double_prefix_fix.TestOrderDetailImageUrls" name="test_order_detail_no_double_prefix" time="7.207" /><testcase classname="tests.test_image_url_double_prefix_fix.TestProductsListRegression" name="test_products_list_no_double_prefix" time="1.049" /><testcase classname="tests.test_image_url_double_prefix_fix.TestProductDetailRegression" name="test_product_detail_no_double_prefix" time="1.955" /><testcase classname="tests.test_image_url_double_prefix_fix.TestCabinetRegression" name="test_profile_email_matches_vita" time="0.903" /><testcase classname="tests.test_image_url_double_prefix_fix.TestCabinetRegression" name="test_payers_scoped" time="0.904" /><testcase classname="tests.test_image_url_double_prefix_fix.TestCabinetRegression" name="test_master_agreement_scoped" time="0.904" /><testcase classname="tests.test_image_url_double_prefix_fix.TestCabinetRegression" name="test_documents_no_leak" time="1.047" /><testcase classname="tests.test_image_url_double_prefix_fix.TestCabinetRegression" name="test_notifications_unread" time="1.047" /><testcase classname="tests.test_image_url_double_prefix_fix.TestImageUrlIsAlwaysString" name="test_products_list_image_url_is_string" time="1.050" /><testcase classname="tests.test_image_url_double_prefix_fix.TestImageUrlIsAlwaysString" name="test_product_detail_image_url_is_string" time="1.951" /><testcase classname="tests.test_image_url_double_prefix_fix.TestImageUrlIsAlwaysString" name="test_order_detail_item_image_url_is_string" time="5.437" /><testcase classname="tests.test_image_url_double_prefix_fix.TestImageUrlIsAlwaysString" name="test_boards_list_and_detail_image_url_is_string" time="1.807" /><testcase classname="tests.test_cors_new_domain" name="test_health_endpoint_ok" time="0.003" /><testcase classname="tests.test_cors_new_domain" name="test_cors_preflight_new_domain[https://farforevent.com.ua]" time="0.002" /><testcase classname="tests.test_cors_new_domain" name="test_cors_preflight_new_domain[https://www.farforevent.com.ua]" time="0.001" /><testcase classname="tests.test_cors_new_domain" name="test_cors_preflight_new_domain[http://farforevent.com.ua]" time="0.001" /><testcase classname="tests.test_cors_new_domain" name="test_cors_preflight_new_domain[http://www.farforevent.com.ua]" time="0.001" /><testcase classname="tests.test_cors_new_domain" name="test_cors_preflight_existing_domain[https://rentalhub.farforrent.com.ua]" time="0.001" /><testcase classname="tests.test_cors_new_domain" name="test_cors_preflight_existing_domain[https://item-photos.preview.emergentagent.com]" time="0.001" /><testcase classname="tests.test_cors_new_domain" name="test_cors_preflight_disallowed_origin" time="0.001" /><testcase classname="tests.test_cors_new_domain" name="test_login_and_cabinet_profile_match" time="2.584" /></testsuite></testsuites>