<?xml version="1.0" encoding="utf-8"?><testsuites name="pytest tests"><testsuite name="pytest" errors="0" failures="0" skipped="0" tests="21" time="39.811" timestamp="2026-06-27T21:32:59.488686+00:00" hostname="agent-env-71cc633e-5410-4cac-9285-36c3c023a8c1"><testcase classname="backend.tests.test_manager_chat_page.TestSmoke" name="test_event_health" time="0.003" /><testcase classname="backend.tests.test_manager_chat_page.TestSmoke" name="test_cabinet_profile_with_admin_token_returns_401" time="1.603" /><testcase classname="backend.tests.test_manager_chat_page.TestSmoke" name="test_cabinet_profile_with_event_client_token_returns_200" time="2.655" /><testcase classname="backend.tests.test_manager_chat_page.TestDecorOrdersSidebar" name="test_list_active_orders_returns_200" time="6.441" /><testcase classname="backend.tests.test_manager_chat_page.TestDecorOrdersSidebar" name="test_list_no_auth_does_not_500" time="0.717" /><testcase classname="backend.tests.test_manager_chat_page.TestAdminChatEndpoints" name="test_get_messages_returns_list" time="1.145" /><testcase classname="backend.tests.test_manager_chat_page.TestAdminChatEndpoints" name="test_unread_count_returns_int" time="0.615" /><testcase classname="backend.tests.test_manager_chat_page.TestAdminChatEndpoints" name="test_send_message_and_persistence" time="3.043" /><testcase classname="backend.tests.test_manager_chat_page.TestAdminChatEndpoints" name="test_get_messages_marks_client_messages_read" time="2.151" /><testcase classname="backend.tests.test_manager_chat_page.TestAdminChatEndpoints" name="test_send_empty_message_rejected" time="0.046" /><testcase classname="backend.tests.test_manager_chat_page.TestAdminChatNoAuthSmoke" name="test_messages_no_auth_does_not_500" time="1.147" /><testcase classname="backend.tests.test_manager_chat_page.TestAdminChatNoAuthSmoke" name="test_unread_count_no_auth_does_not_500" time="0.575" /><testcase classname="backend.tests.test_manager_chat_page.TestAdminChatNoAuthSmoke" name="test_send_no_auth_does_not_500" time="1.717" /><testcase classname="backend.tests.test_cabinet_data_leak_fix.TestProfile" name="test_profile_returns_logged_in_user_not_leaked" time="2.576" /><testcase classname="backend.tests.test_cabinet_data_leak_fix.TestPayers" name="test_payers_listing_belongs_to_vita" time="0.861" /><testcase classname="backend.tests.test_cabinet_data_leak_fix.TestPayers" name="test_payers_crud_smoke_and_scoping" time="6.375" /><testcase classname="backend.tests.test_cabinet_data_leak_fix.TestMasterAgreement" name="test_master_agreement_idempotent_and_dated" time="1.721" /><testcase classname="backend.tests.test_cabinet_data_leak_fix.TestMasterAgreement" name="test_master_agreement_sign" time="1.863" /><testcase classname="backend.tests.test_cabinet_data_leak_fix.TestDocuments" name="test_documents_belong_to_vita" time="1.004" /><testcase classname="backend.tests.test_cabinet_data_leak_fix.TestNotifications" name="test_unread_returns_count" time="1.004" /><testcase classname="backend.tests.test_cabinet_data_leak_fix.TestConvertGate" name="test_convert_to_order_invalid_or_gate" time="0.718" /></testsuite></testsuites>