<?xml version="1.0" encoding="utf-8"?><testsuites name="pytest tests"><testsuite name="pytest" errors="0" failures="0" skipped="0" tests="80" time="89.169" timestamp="2026-06-29T18:38:24.737161+00:00" hostname="agent-env-71cc633e-5410-4cac-9285-36c3c023a8c1"><testcase classname="backend.tests.test_client_chat_page.TestSmoke" name="test_event_health" time="0.003" /><testcase classname="backend.tests.test_client_chat_page.TestSmoke" name="test_cabinet_profile_data_leak_fix" time="2.660" /><testcase classname="backend.tests.test_client_chat_page.TestClientOrdersList" name="test_returns_200_and_list" time="1.907" /><testcase classname="backend.tests.test_client_chat_page.TestClientOrdersList" name="test_only_caller_orders_no_leak" time="1.903" /><testcase classname="backend.tests.test_client_chat_page.TestClientOrdersList" name="test_requires_auth" time="0.043" /><testcase classname="backend.tests.test_client_chat_page.TestClientChatMessages" name="test_get_messages_returns_list" time="3.664" /><testcase classname="backend.tests.test_client_chat_page.TestClientChatMessages" name="test_send_message_persists_with_sender_type_client" time="3.521" /><testcase classname="backend.tests.test_client_chat_page.TestClientChatMessages" name="test_send_empty_message_rejected" time="1.046" /><testcase classname="backend.tests.test_client_chat_page.TestClientChatMessages" name="test_foreign_order_returns_404" time="1.045" /><testcase classname="backend.tests.test_client_chat_page.TestClientChatMessages" name="test_requires_auth" time="0.043" /><testcase classname="backend.tests.test_client_chat_page.TestClientChatUnread" name="test_unread_count_shape" time="1.188" /><testcase classname="backend.tests.test_client_chat_page.TestClientChatUnread" name="test_get_messages_marks_manager_messages_read" time="2.958" /><testcase classname="backend.tests.test_client_chat_page.TestClientTokenAgainstAdminChatEndpoints" name="test_admin_messages_no_crash" time="1.187" /><testcase classname="backend.tests.test_manager_chat_page.TestSmoke" name="test_event_health" time="0.003" /><testcase classname="backend.tests.test_manager_chat_page.TestSmoke" name="test_cabinet_profile_with_admin_token_returns_401" time="1.595" /><testcase classname="backend.tests.test_manager_chat_page.TestSmoke" name="test_cabinet_profile_with_event_client_token_returns_200" time="2.660" /><testcase classname="backend.tests.test_manager_chat_page.TestDecorOrdersSidebar" name="test_list_active_orders_returns_200" time="6.451" /><testcase classname="backend.tests.test_manager_chat_page.TestDecorOrdersSidebar" name="test_list_no_auth_does_not_500" time="0.718" /><testcase classname="backend.tests.test_manager_chat_page.TestAdminChatEndpoints" name="test_get_messages_returns_list" time="1.148" /><testcase classname="backend.tests.test_manager_chat_page.TestAdminChatEndpoints" name="test_unread_count_returns_int" time="0.615" /><testcase classname="backend.tests.test_manager_chat_page.TestAdminChatEndpoints" name="test_send_message_and_persistence" time="2.949" /><testcase classname="backend.tests.test_manager_chat_page.TestAdminChatEndpoints" name="test_get_messages_marks_client_messages_read" time="1.802" /><testcase classname="backend.tests.test_manager_chat_page.TestAdminChatEndpoints" name="test_send_empty_message_rejected" time="0.043" /><testcase classname="backend.tests.test_manager_chat_page.TestAdminChatNoAuthSmoke" name="test_messages_no_auth_does_not_500" time="1.148" /><testcase classname="backend.tests.test_manager_chat_page.TestAdminChatNoAuthSmoke" name="test_unread_count_no_auth_does_not_500" time="0.575" /><testcase classname="backend.tests.test_manager_chat_page.TestAdminChatNoAuthSmoke" name="test_send_no_auth_does_not_500" time="1.726" /><testcase classname="backend.tests.test_image_url_double_prefix_fix.TestNormalizeImageUrlUnit" name="test_uploads_relative_unchanged" time="0.000" /><testcase classname="backend.tests.test_image_url_double_prefix_fix.TestNormalizeImageUrlUnit" name="test_uploads_absolute_unchanged" time="0.000" /><testcase classname="backend.tests.test_image_url_double_prefix_fix.TestNormalizeImageUrlUnit" name="test_static_unchanged" time="0.000" /><testcase classname="backend.tests.test_image_url_double_prefix_fix.TestNormalizeImageUrlUnit" name="test_https_full_url_unchanged" time="0.000" /><testcase classname="backend.tests.test_image_url_double_prefix_fix.TestNormalizeImageUrlUnit" name="test_http_full_url_unchanged" time="0.000" /><testcase classname="backend.tests.test_image_url_double_prefix_fix.TestNormalizeImageUrlUnit" name="test_legacy_relative_gets_static_prefix" time="0.000" /><testcase classname="backend.tests.test_image_url_double_prefix_fix.TestNormalizeImageUrlUnit" name="test_legacy_opencart_path" time="0.000" /><testcase classname="backend.tests.test_image_url_double_prefix_fix.TestNormalizeImageUrlUnit" name="test_empty_string_returns_none" time="0.000" /><testcase classname="backend.tests.test_image_url_double_prefix_fix.TestNormalizeImageUrlUnit" name="test_none_returns_none" time="0.000" /><testcase classname="backend.tests.test_image_url_double_prefix_fix.TestSerializeProductImageUnit" name="test_uploads_relative_unchanged" time="0.000" /><testcase classname="backend.tests.test_image_url_double_prefix_fix.TestSerializeProductImageUnit" name="test_none_returns_empty_string" time="0.000" /><testcase classname="backend.tests.test_image_url_double_prefix_fix.TestSerializeProductImageUnit" name="test_empty_returns_empty_string" time="0.000" /><testcase classname="backend.tests.test_image_url_double_prefix_fix.TestSerializeProductImageUnit" name="test_legacy_relative_gets_static_prefix" time="0.000" /><testcase classname="backend.tests.test_image_url_double_prefix_fix.TestSerializeProductImageUnit" name="test_uploads_absolute_unchanged" time="0.000" /><testcase classname="backend.tests.test_image_url_double_prefix_fix.TestSerializeProductImageUnit" name="test_https_full_url_unchanged" time="0.000" /><testcase classname="backend.tests.test_image_url_double_prefix_fix.TestSerializeProductImageUnit" name="test_return_type_always_str" time="0.000" /><testcase classname="backend.tests.test_image_url_double_prefix_fix.TestSerializeOrderItemImageUnit" name="test_fallback_used_when_item_image_none" time="0.000" /><testcase classname="backend.tests.test_image_url_double_prefix_fix.TestSerializeOrderItemImageUnit" name="test_per_item_override_preferred" time="0.000" /><testcase classname="backend.tests.test_image_url_double_prefix_fix.TestSerializeOrderItemImageUnit" name="test_both_none_returns_empty_string" time="0.000" /><testcase classname="backend.tests.test_image_url_double_prefix_fix.TestSerializeOrderItemImageUnit" name="test_both_empty_returns_empty_string" time="0.000" /><testcase classname="backend.tests.test_image_url_double_prefix_fix.TestSerializeOrderItemImageUnit" name="test_empty_item_falls_back_to_product" time="0.000" /><testcase classname="backend.tests.test_image_url_double_prefix_fix.TestSerializeOrderItemImageUnit" name="test_legacy_relative_item_gets_static_prefix" time="0.000" /><testcase classname="backend.tests.test_image_url_double_prefix_fix.TestSerializeOrderItemImageUnit" name="test_return_type_always_str" time="0.000" /><testcase classname="backend.tests.test_image_url_double_prefix_fix.TestSmoke" name="test_health" time="0.003" /><testcase classname="backend.tests.test_image_url_double_prefix_fix.TestSmoke" name="test_cors_preflight_farforevent" time="0.041" /><testcase classname="backend.tests.test_image_url_double_prefix_fix.TestOrderDetailImageUrls" name="test_order_detail_no_double_prefix" time="7.187" /><testcase classname="backend.tests.test_image_url_double_prefix_fix.TestProductsListRegression" name="test_products_list_no_double_prefix" time="1.048" /><testcase classname="backend.tests.test_image_url_double_prefix_fix.TestProductDetailRegression" name="test_product_detail_no_double_prefix" time="1.948" /><testcase classname="backend.tests.test_image_url_double_prefix_fix.TestCabinetRegression" name="test_profile_email_matches_vita" time="0.900" /><testcase classname="backend.tests.test_image_url_double_prefix_fix.TestCabinetRegression" name="test_payers_scoped" time="0.905" /><testcase classname="backend.tests.test_image_url_double_prefix_fix.TestCabinetRegression" name="test_master_agreement_scoped" time="0.901" /><testcase classname="backend.tests.test_image_url_double_prefix_fix.TestCabinetRegression" name="test_documents_no_leak" time="1.045" /><testcase classname="backend.tests.test_image_url_double_prefix_fix.TestCabinetRegression" name="test_notifications_unread" time="1.045" /><testcase classname="backend.tests.test_image_url_double_prefix_fix.TestImageUrlIsAlwaysString" name="test_products_list_image_url_is_string" time="1.047" /><testcase classname="backend.tests.test_image_url_double_prefix_fix.TestImageUrlIsAlwaysString" name="test_product_detail_image_url_is_string" time="1.946" /><testcase classname="backend.tests.test_image_url_double_prefix_fix.TestImageUrlIsAlwaysString" name="test_order_detail_item_image_url_is_string" time="5.428" /><testcase classname="backend.tests.test_image_url_double_prefix_fix.TestImageUrlIsAlwaysString" name="test_boards_list_and_detail_image_url_is_string" time="1.804" /><testcase classname="backend.tests.test_cors_new_domain" name="test_health_endpoint_ok" time="0.003" /><testcase classname="backend.tests.test_cors_new_domain" name="test_cors_preflight_new_domain[https://farforevent.com.ua]" time="0.001" /><testcase classname="backend.tests.test_cors_new_domain" name="test_cors_preflight_new_domain[https://www.farforevent.com.ua]" time="0.001" /><testcase classname="backend.tests.test_cors_new_domain" name="test_cors_preflight_new_domain[http://farforevent.com.ua]" time="0.001" /><testcase classname="backend.tests.test_cors_new_domain" name="test_cors_preflight_new_domain[http://www.farforevent.com.ua]" time="0.001" /><testcase classname="backend.tests.test_cors_new_domain" name="test_cors_preflight_existing_domain[https://rentalhub.farforrent.com.ua]" time="0.001" /><testcase classname="backend.tests.test_cors_new_domain" name="test_cors_preflight_existing_domain[https://item-photos.preview.emergentagent.com]" time="0.001" /><testcase classname="backend.tests.test_cors_new_domain" name="test_cors_preflight_disallowed_origin" time="0.001" /><testcase classname="backend.tests.test_cors_new_domain" name="test_login_and_cabinet_profile_match" time="2.580" /><testcase classname="backend.tests.test_cabinet_data_leak_fix.TestProfile" name="test_profile_returns_logged_in_user_not_leaked" time="2.580" /><testcase classname="backend.tests.test_cabinet_data_leak_fix.TestPayers" name="test_payers_listing_belongs_to_vita" time="0.862" /><testcase classname="backend.tests.test_cabinet_data_leak_fix.TestPayers" name="test_payers_crud_smoke_and_scoping" time="6.035" /><testcase classname="backend.tests.test_cabinet_data_leak_fix.TestMasterAgreement" name="test_master_agreement_idempotent_and_dated" time="1.722" /><testcase classname="backend.tests.test_cabinet_data_leak_fix.TestMasterAgreement" name="test_master_agreement_sign" time="1.866" /><testcase classname="backend.tests.test_cabinet_data_leak_fix.TestDocuments" name="test_documents_belong_to_vita" time="1.005" /><testcase classname="backend.tests.test_cabinet_data_leak_fix.TestNotifications" name="test_unread_returns_count" time="1.004" /><testcase classname="backend.tests.test_cabinet_data_leak_fix.TestConvertGate" name="test_convert_to_order_invalid_or_gate" time="0.719" /></testsuite></testsuites>