<?xml version="1.0" encoding="utf-8"?><testsuites name="pytest tests"><testsuite name="pytest" errors="0" failures="0" skipped="0" tests="13" time="23.561" timestamp="2026-06-27T21:14:35.714508+00:00" hostname="agent-env-71cc633e-5410-4cac-9285-36c3c023a8c1"><testcase classname="tests.test_manager_chat_page.TestSmoke" name="test_event_health" time="0.004" /><testcase classname="tests.test_manager_chat_page.TestSmoke" name="test_cabinet_profile_with_admin_token_returns_401" time="3.529" /><testcase classname="tests.test_manager_chat_page.TestSmoke" name="test_cabinet_profile_with_event_client_token_returns_200" time="2.664" /><testcase classname="tests.test_manager_chat_page.TestDecorOrdersSidebar" name="test_list_active_orders_returns_200" time="6.456" /><testcase classname="tests.test_manager_chat_page.TestDecorOrdersSidebar" name="test_list_no_auth_does_not_500" time="0.718" /><testcase classname="tests.test_manager_chat_page.TestAdminChatEndpoints" name="test_get_messages_returns_list" time="1.148" /><testcase classname="tests.test_manager_chat_page.TestAdminChatEndpoints" name="test_unread_count_returns_int" time="0.615" /><testcase classname="tests.test_manager_chat_page.TestAdminChatEndpoints" name="test_send_message_and_persistence" time="3.055" /><testcase classname="tests.test_manager_chat_page.TestAdminChatEndpoints" name="test_get_messages_marks_client_messages_read" time="1.807" /><testcase classname="tests.test_manager_chat_page.TestAdminChatEndpoints" name="test_send_empty_message_rejected" time="0.044" /><testcase classname="tests.test_manager_chat_page.TestAdminChatNoAuthSmoke" name="test_messages_no_auth_does_not_500" time="1.151" /><testcase classname="tests.test_manager_chat_page.TestAdminChatNoAuthSmoke" name="test_unread_count_no_auth_does_not_500" time="0.577" /><testcase classname="tests.test_manager_chat_page.TestAdminChatNoAuthSmoke" name="test_send_no_auth_does_not_500" time="1.725" /></testsuite></testsuites>