<?xml version="1.0" encoding="utf-8"?><testsuites name="pytest tests"><testsuite name="pytest" errors="0" failures="0" skipped="0" tests="19" time="17.138" timestamp="2026-06-27T17:34:33.925629+00:00" hostname="agent-env-71cc633e-5410-4cac-9285-36c3c023a8c1"><testcase classname="backend.tests.test_image_url_double_prefix_fix.TestNormalizeImageUrlUnit" name="test_uploads_relative_unchanged" time="0.000" /><testcase classname="backend.tests.test_image_url_double_prefix_fix.TestNormalizeImageUrlUnit" name="test_uploads_absolute_unchanged" time="0.000" /><testcase classname="backend.tests.test_image_url_double_prefix_fix.TestNormalizeImageUrlUnit" name="test_static_unchanged" time="0.000" /><testcase classname="backend.tests.test_image_url_double_prefix_fix.TestNormalizeImageUrlUnit" name="test_https_full_url_unchanged" time="0.000" /><testcase classname="backend.tests.test_image_url_double_prefix_fix.TestNormalizeImageUrlUnit" name="test_http_full_url_unchanged" time="0.000" /><testcase classname="backend.tests.test_image_url_double_prefix_fix.TestNormalizeImageUrlUnit" name="test_legacy_relative_gets_static_prefix" time="0.000" /><testcase classname="backend.tests.test_image_url_double_prefix_fix.TestNormalizeImageUrlUnit" name="test_legacy_opencart_path" time="0.000" /><testcase classname="backend.tests.test_image_url_double_prefix_fix.TestNormalizeImageUrlUnit" name="test_empty_string_returns_none" time="0.000" /><testcase classname="backend.tests.test_image_url_double_prefix_fix.TestNormalizeImageUrlUnit" name="test_none_returns_none" time="0.000" /><testcase classname="backend.tests.test_image_url_double_prefix_fix.TestSmoke" name="test_health" time="0.005" /><testcase classname="backend.tests.test_image_url_double_prefix_fix.TestSmoke" name="test_cors_preflight_farforevent" time="0.042" /><testcase classname="backend.tests.test_image_url_double_prefix_fix.TestOrderDetailImageUrls" name="test_order_detail_no_double_prefix" time="9.157" /><testcase classname="backend.tests.test_image_url_double_prefix_fix.TestProductsListRegression" name="test_products_list_no_double_prefix" time="1.048" /><testcase classname="backend.tests.test_image_url_double_prefix_fix.TestProductDetailRegression" name="test_product_detail_no_double_prefix" time="1.953" /><testcase classname="backend.tests.test_image_url_double_prefix_fix.TestCabinetRegression" name="test_profile_email_matches_vita" time="0.903" /><testcase classname="backend.tests.test_image_url_double_prefix_fix.TestCabinetRegression" name="test_payers_scoped" time="0.903" /><testcase classname="backend.tests.test_image_url_double_prefix_fix.TestCabinetRegression" name="test_master_agreement_scoped" time="0.904" /><testcase classname="backend.tests.test_image_url_double_prefix_fix.TestCabinetRegression" name="test_documents_no_leak" time="1.046" /><testcase classname="backend.tests.test_image_url_double_prefix_fix.TestCabinetRegression" name="test_notifications_unread" time="1.046" /></testsuite></testsuites>